-------------------------------------------------------------------------------
Test set: farrel.com.unittest.CalculatorTest
-------------------------------------------------------------------------------
Tests run: 1, Failures: 1, Errors: 0, Skipped: 0, Time elapsed: 0.071 s <<< FAILURE! - in farrel.com.unittest.CalculatorTest
testAddSuccess  Time elapsed: 0.052 s  <<< FAILURE!
org.opentest4j.AssertionFailedError: expected: <30> but was: <-10>
	at farrel.com.unittest.CalculatorTest.testAddSuccess(CalculatorTest.java:18)

