<?xml version="1.0" encoding="UTF-8"?>
<testsuite xmlns:xsi="http://www.w3.org/2001/XMLSchema-instance" xsi:noNamespaceSchemaLocation="https://maven.apache.org/surefire/maven-surefire-plugin/xsd/surefire-test-report.xsd" name="farrel.com.unittest.CalculatorTest" time="0.071" tests="1" errors="0" skipped="0" failures="1">
  <properties>
[...]
</properties>
  <testcase name="testAddSuccess" classname="farrel.com.unittest.CalculatorTest" time="0.052">
    <failure message="expected: &lt;30&gt; but was: &lt;-10&gt;" type="org.opentest4j.AssertionFailedError"><![CDATA[org.opentest4j.AssertionFailedError: expected: <30> but was: <-10>
	at farrel.com.unittest.CalculatorTest.testAddSuccess(CalculatorTest.java:18)
]]></failure>
  </testcase>
</testsuite>